C51 COMPILER V9.60.7.0   GAS                                                               05/13/2023 14:49:14 PAGE 1   


C51 COMPILER V9.60.7.0, COMPILATION OF MODULE GAS
OBJECT MODULE PLACED IN .\Objects\gas.obj
COMPILER INVOKED BY: C:\Keil_v5\C51\BIN\C51.EXE gas.c OPTIMIZE(8,SPEED) BROWSE DEBUG OBJECTEXTEND PRINT(.\Listings\gas.l
                    -st) TABS(2) OBJECT(.\Objects\gas.obj)

line level    source

   1          #include<reg52.h>
   2          #define lcd P1
   3          sbit buzzer= P3^0;
   4          sbit led1= P0^5;
   5          sbit led2= P0^0;
   6          sbit rs= P2^5;
   7          sbit rw= P2^6;
   8          sbit e= P2^7;
   9          
  10          sbit gas_sensor=P0^7;
  11          
  12          void cmd (unsigned char);
  13          void ldata (unsigned char);
  14          void delay(unsigned int);
  15          
  16          void delay(unsigned int t)
  17          {
  18   1        int i, j;
  19   1        for (i=0;i<t;i++)
  20   1        for (j=0;j<500;j++);
  21   1        
  22   1      }
  23          void cmd (unsigned char c)
  24          {
  25   1        lcd=c;
  26   1        rs=0;
  27   1        rw=0;
  28   1        e=1;
  29   1        delay(5);
  30   1        e=0;
  31   1      }
  32          void ldata (unsigned char c)
  33          {
  34   1        lcd=c;
  35   1        rs=1;
  36   1        rw=0;
  37   1        e=1;
  38   1        delay(5);
  39   1        e=0;
  40   1      }
  41          
  42          
  43          void main()
  44          {
  45   1        int i;
  46   1        unsigned char msg1[16]="ALCOHOL DETECTED";
  47   1        unsigned char msg2[16]="NO ALCOHOL FOUND";
  48   1        
  49   1        cmd(0x38);
  50   1        cmd(0x0c);
  51   1        cmd(0x01);
  52   1        cmd(0x80);
  53   1        while(1)
  54   1        {
C51 COMPILER V9.60.7.0   GAS                                                               05/13/2023 14:49:14 PAGE 2   

  55   2          delay(10);
  56   2          cmd(0x80);
  57   2          if(gas_sensor==1) {
  58   3            for(i=0;i<5;i++) {
  59   4              led1=0;
  60   4              led2=1;
  61   4              buzzer=0;
  62   4              delay(5);
  63   4              led1=1;
  64   4              led2=1;
  65   4              buzzer=0;
  66   4            }
  67   3            
  68   3            delay(10);
  69   3            for(i=0;i<sizeof(msg1);i++)
  70   3            {
  71   4              ldata(msg1[i]);
  72   4            }
  73   3          }
  74   2          if(gas_sensor==0) {
  75   3            for(i=0;i<5;i++) {
  76   4              led1=1;
  77   4              led2=0;
  78   4              buzzer=1;
  79   4            }
  80   3            
  81   3            delay(10);
  82   3            for(i=0;i<sizeof(msg2);i++)
  83   3            {
  84   4              ldata(msg2[i]);
  85   4            }
  86   3          }
  87   2          
  88   2          
  89   2        }
  90   1        
  91   1      }


MODULE INFORMATION:   STATIC OVERLAYABLE
   CODE SIZE        =    289    ----
   CONSTANT SIZE    =     32    ----
   XDATA SIZE       =   ----    ----
   PDATA SIZE       =   ----    ----
   DATA SIZE        =   ----      34
   IDATA SIZE       =   ----    ----
   BIT SIZE         =   ----    ----
END OF MODULE INFORMATION.


C51 COMPILATION COMPLETE.  0 WARNING(S),  0 ERROR(S)
